0 info it worked if it ends with ok
1 verbose cli [ 'node', '/usr/local/bin/npm', 'install', '-g', 'coffee-script' ]
2 info using npm@1.1.59
3 info using node@v0.8.8
4 verbose read json /usr/local/lib/package.json
5 verbose read json /usr/local/lib/package.json
6 verbose cache add [ 'coffee-script', null ]
7 silly cache add name=undefined spec="coffee-script" args=["coffee-script",null]
8 verbose parsed url { pathname: 'coffee-script',
8 verbose parsed url   path: 'coffee-script',
8 verbose parsed url   href: 'coffee-script' }
9 silly lockFile ab358269-coffee-script coffee-script
10 verbose lock coffee-script /Users/KouyaFukuda/.npm/ab358269-coffee-script.lock
11 silly lockFile ab358269-coffee-script coffee-script
12 verbose addNamed [ 'coffee-script', '' ]
13 verbose addNamed [ null, '' ]
14 silly lockFile 53951495-coffee-script coffee-script@
15 verbose lock coffee-script@ /Users/KouyaFukuda/.npm/53951495-coffee-script.lock
16 silly lockFile 53951495-coffee-script coffee-script@
17 error Error: EACCES, open '/Users/KouyaFukuda/.npm/53951495-coffee-script.lock'
17 error  { [Error: EACCES, open '/Users/KouyaFukuda/.npm/53951495-coffee-script.lock']
17 error   errno: 3,
17 error   code: 'EACCES',
17 error   path: '/Users/KouyaFukuda/.npm/53951495-coffee-script.lock' }
18 error Please try running this command again as root/Administrator.
19 error System Darwin 13.1.0
20 error command "node" "/usr/local/bin/npm" "install" "-g" "coffee-script"
21 error cwd /Users/KouyaFukuda/Source/d3-classes
22 error node -v v0.8.8
23 error npm -v 1.1.59
24 error path /Users/KouyaFukuda/.npm/53951495-coffee-script.lock
25 error code EACCES
26 error errno 3
27 error stack Error: EACCES, open '/Users/KouyaFukuda/.npm/53951495-coffee-script.lock'
28 verbose exit [ 3, true ]
